{"D:\\UCB\\Septimo-semestre\\Taller de Software 1\\Sistema-Psicologo\\blocks\\dashboard\\dashboard.js": {"path":"D:\\UCB\\Septimo-semestre\\Taller de Software 1\\Sistema-Psicologo\\blocks\\dashboard\\dashboard.js","statementMap":{"0":{"start":{"line":3,"column":28},"end":{"line":3,"column":38}},"1":{"start":{"line":4,"column":25},"end":{"line":4,"column":35}},"2":{"start":{"line":9,"column":23},"end":{"line":9,"column":60}},"3":{"start":{"line":11,"column":4},"end":{"line":11,"column":28}},"4":{"start":{"line":11,"column":21},"end":{"line":11,"column":28}},"5":{"start":{"line":13,"column":4},"end":{"line":80,"column":7}},"6":{"start":{"line":32,"column":12},"end":{"line":50,"column":13}},"7":{"start":{"line":33,"column":40},"end":{"line":35,"column":76}},"8":{"start":{"line":37,"column":16},"end":{"line":37,"column":39}},"9":{"start":{"line":37,"column":27},"end":{"line":37,"column":39}},"10":{"start":{"line":39,"column":32},"end":{"line":44,"column":19}},"11":{"start":{"line":39,"column":50},"end":{"line":44,"column":17}},"12":{"start":{"line":46,"column":16},"end":{"line":46,"column":41}},"13":{"start":{"line":48,"column":16},"end":{"line":48,"column":62}},"14":{"start":{"line":49,"column":16},"end":{"line":49,"column":37}},"15":{"start":{"line":54,"column":12},"end":{"line":57,"column":13}},"16":{"start":{"line":55,"column":16},"end":{"line":55,"column":123}},"17":{"start":{"line":56,"column":16},"end":{"line":56,"column":23}},"18":{"start":{"line":59,"column":27},"end":{"line":59,"column":83}},"19":{"start":{"line":60,"column":12},"end":{"line":62,"column":13}},"20":{"start":{"line":61,"column":16},"end":{"line":61,"column":56}},"21":{"start":{"line":66,"column":33},"end":{"line":66,"column":94}},"22":{"start":{"line":67,"column":12},"end":{"line":78,"column":13}},"23":{"start":{"line":68,"column":34},"end":{"line":71,"column":44}},"24":{"start":{"line":73,"column":16},"end":{"line":77,"column":17}},"25":{"start":{"line":74,"column":20},"end":{"line":74,"column":45}},"26":{"start":{"line":76,"column":20},"end":{"line":76,"column":56}},"27":{"start":{"line":82,"column":4},"end":{"line":82,"column":22}},"28":{"start":{"line":85,"column":4},"end":{"line":116,"column":5}},"29":{"start":{"line":86,"column":8},"end":{"line":89,"column":9}},"30":{"start":{"line":87,"column":12},"end":{"line":87,"column":91}},"31":{"start":{"line":88,"column":12},"end":{"line":88,"column":19}},"32":{"start":{"line":92,"column":22},"end":{"line":92,"column":44}},"33":{"start":{"line":93,"column":28},"end":{"line":93,"column":66}},"34":{"start":{"line":95,"column":36},"end":{"line":95,"column":37}},"35":{"start":{"line":96,"column":33},"end":{"line":96,"column":55}},"36":{"start":{"line":97,"column":25},"end":{"line":97,"column":101}},"37":{"start":{"line":99,"column":26},"end":{"line":108,"column":14}},"38":{"start":{"line":110,"column":8},"end":{"line":110,"column":31}},"39":{"start":{"line":110,"column":19},"end":{"line":110,"column":31}},"40":{"start":{"line":112,"column":8},"end":{"line":112,"column":33}},"41":{"start":{"line":114,"column":8},"end":{"line":114,"column":59}},"42":{"start":{"line":115,"column":8},"end":{"line":115,"column":45}}},"fnMap":{"0":{"name":"inicializarCalendario","decl":{"start":{"line":8,"column":16},"end":{"line":8,"column":37}},"loc":{"start":{"line":8,"column":40},"end":{"line":83,"column":1}},"line":8},"1":{"name":"(anonymous_1)","decl":{"start":{"line":31,"column":16},"end":{"line":31,"column":17}},"loc":{"start":{"line":31,"column":71},"end":{"line":51,"column":9}},"line":31},"2":{"name":"(anonymous_2)","decl":{"start":{"line":39,"column":41},"end":{"line":39,"column":42}},"loc":{"start":{"line":39,"column":50},"end":{"line":44,"column":17}},"line":39},"3":{"name":"(anonymous_3)","decl":{"start":{"line":53,"column":19},"end":{"line":53,"column":20}},"loc":{"start":{"line":53,"column":34},"end":{"line":63,"column":9}},"line":53},"4":{"name":"(anonymous_4)","decl":{"start":{"line":65,"column":20},"end":{"line":65,"column":21}},"loc":{"start":{"line":65,"column":41},"end":{"line":79,"column":9}},"line":65},"5":{"name":"guardarCitaRapida","decl":{"start":{"line":84,"column":15},"end":{"line":84,"column":32}},"loc":{"start":{"line":84,"column":51},"end":{"line":117,"column":1}},"line":84}},"branchMap":{"0":{"loc":{"start":{"line":11,"column":4},"end":{"line":11,"column":28}},"type":"if","locations":[{"start":{"line":11,"column":4},"end":{"line":11,"column":28}},{"start":{},"end":{}}],"line":11},"1":{"loc":{"start":{"line":37,"column":16},"end":{"line":37,"column":39}},"type":"if","locations":[{"start":{"line":37,"column":16},"end":{"line":37,"column":39}},{"start":{},"end":{}}],"line":37},"2":{"loc":{"start":{"line":54,"column":12},"end":{"line":57,"column":13}},"type":"if","locations":[{"start":{"line":54,"column":12},"end":{"line":57,"column":13}},{"start":{},"end":{}}],"line":54},"3":{"loc":{"start":{"line":54,"column":16},"end":{"line":54,"column":58}},"type":"binary-expr","locations":[{"start":{"line":54,"column":16},"end":{"line":54,"column":27}},{"start":{"line":54,"column":31},"end":{"line":54,"column":58}}],"line":54},"4":{"loc":{"start":{"line":60,"column":12},"end":{"line":62,"column":13}},"type":"if","locations":[{"start":{"line":60,"column":12},"end":{"line":62,"column":13}},{"start":{},"end":{}}],"line":60},"5":{"loc":{"start":{"line":67,"column":12},"end":{"line":78,"column":13}},"type":"if","locations":[{"start":{"line":67,"column":12},"end":{"line":78,"column":13}},{"start":{},"end":{}}],"line":67},"6":{"loc":{"start":{"line":73,"column":16},"end":{"line":77,"column":17}},"type":"if","locations":[{"start":{"line":73,"column":16},"end":{"line":77,"column":17}},{"start":{"line":75,"column":23},"end":{"line":77,"column":17}}],"line":73},"7":{"loc":{"start":{"line":86,"column":8},"end":{"line":89,"column":9}},"type":"if","locations":[{"start":{"line":86,"column":8},"end":{"line":89,"column":9}},{"start":{},"end":{}}],"line":86},"8":{"loc":{"start":{"line":110,"column":8},"end":{"line":110,"column":31}},"type":"if","locations":[{"start":{"line":110,"column":8},"end":{"line":110,"column":31}},{"start":{},"end":{}}],"line":110}},"s":{"0":0,"1":0,"2":0,"3":0,"4":0,"5":0,"6":0,"7":0,"8":0,"9":0,"10":0,"11":0,"12":0,"13":0,"14":0,"15":0,"16":0,"17":0,"18":0,"19":0,"20":0,"21":0,"22":0,"23":0,"24":0,"25":0,"26":0,"27":0,"28":0,"29":0,"30":0,"31":0,"32":0,"33":0,"34":0,"35":0,"36":0,"37":0,"38":0,"39":0,"40":0,"41":0,"42":0},"f":{"0":0,"1":0,"2":0,"3":0,"4":0,"5":0},"b":{"0":[0,0],"1":[0,0],"2":[0,0],"3":[0,0],"4":[0,0],"5":[0,0],"6":[0,0],"7":[0,0],"8":[0,0]}}
,"D:\\UCB\\Septimo-semestre\\Taller de Software 1\\Sistema-Psicologo\\blocks\\header\\header.js": {"path":"D:\\UCB\\Septimo-semestre\\Taller de Software 1\\Sistema-Psicologo\\blocks\\header\\header.js","statementMap":{"0":{"start":{"line":3,"column":8},"end":{"line":12,"column":79}},"1":{"start":{"line":4,"column":31},"end":{"line":4,"column":47}},"2":{"start":{"line":6,"column":16},"end":{"line":6,"column":38}},"3":{"start":{"line":8,"column":16},"end":{"line":10,"column":17}},"4":{"start":{"line":9,"column":20},"end":{"line":9,"column":62}},"5":{"start":{"line":12,"column":28},"end":{"line":12,"column":77}},"6":{"start":{"line":16,"column":0},"end":{"line":16,"column":47}}},"fnMap":{"0":{"name":"(anonymous_0)","decl":{"start":{"line":2,"column":4},"end":{"line":2,"column":5}},"loc":{"start":{"line":2,"column":24},"end":{"line":13,"column":5}},"line":2},"1":{"name":"(anonymous_1)","decl":{"start":{"line":4,"column":18},"end":{"line":4,"column":19}},"loc":{"start":{"line":4,"column":31},"end":{"line":4,"column":47}},"line":4},"2":{"name":"(anonymous_2)","decl":{"start":{"line":5,"column":18},"end":{"line":5,"column":19}},"loc":{"start":{"line":5,"column":26},"end":{"line":11,"column":13}},"line":5},"3":{"name":"(anonymous_3)","decl":{"start":{"line":12,"column":19},"end":{"line":12,"column":20}},"loc":{"start":{"line":12,"column":28},"end":{"line":12,"column":77}},"line":12}},"branchMap":{"0":{"loc":{"start":{"line":8,"column":16},"end":{"line":10,"column":17}},"type":"if","locations":[{"start":{"line":8,"column":16},"end":{"line":10,"column":17}},{"start":{},"end":{}}],"line":8}},"s":{"0":0,"1":0,"2":0,"3":0,"4":0,"5":0,"6":0},"f":{"0":0,"1":0,"2":0,"3":0},"b":{"0":[0,0]}}
,"D:\\UCB\\Septimo-semestre\\Taller de Software 1\\Sistema-Psicologo\\blocks\\registro-turno\\registro-turno.js": {"path":"D:\\UCB\\Septimo-semestre\\Taller de Software 1\\Sistema-Psicologo\\blocks\\registro-turno\\registro-turno.js","statementMap":{"0":{"start":{"line":4,"column":0},"end":{"line":45,"column":3}},"1":{"start":{"line":6,"column":4},"end":{"line":11,"column":7}},"2":{"start":{"line":14,"column":30},"end":{"line":20,"column":5}},"3":{"start":{"line":22,"column":4},"end":{"line":22,"column":55}},"4":{"start":{"line":23,"column":4},"end":{"line":23,"column":52}},"5":{"start":{"line":26,"column":27},"end":{"line":26,"column":69}},"6":{"start":{"line":28,"column":4},"end":{"line":44,"column":7}},"7":{"start":{"line":30,"column":8},"end":{"line":30,"column":32}},"8":{"start":{"line":32,"column":27},"end":{"line":32,"column":75}},"9":{"start":{"line":33,"column":22},"end":{"line":33,"column":66}},"10":{"start":{"line":34,"column":27},"end":{"line":34,"column":77}},"11":{"start":{"line":35,"column":24},"end":{"line":35,"column":71}},"12":{"start":{"line":37,"column":8},"end":{"line":40,"column":9}},"13":{"start":{"line":38,"column":12},"end":{"line":38,"column":64}},"14":{"start":{"line":39,"column":12},"end":{"line":39,"column":19}},"15":{"start":{"line":42,"column":8},"end":{"line":42,"column":46}},"16":{"start":{"line":43,"column":8},"end":{"line":43,"column":31}}},"fnMap":{"0":{"name":"(anonymous_0)","decl":{"start":{"line":4,"column":46},"end":{"line":4,"column":47}},"loc":{"start":{"line":4,"column":52},"end":{"line":45,"column":1}},"line":4},"1":{"name":"(anonymous_1)","decl":{"start":{"line":28,"column":46},"end":{"line":28,"column":47}},"loc":{"start":{"line":28,"column":63},"end":{"line":44,"column":5}},"line":28}},"branchMap":{"0":{"loc":{"start":{"line":37,"column":8},"end":{"line":40,"column":9}},"type":"if","locations":[{"start":{"line":37,"column":8},"end":{"line":40,"column":9}},{"start":{},"end":{}}],"line":37},"1":{"loc":{"start":{"line":37,"column":12},"end":{"line":37,"column":84}},"type":"binary-expr","locations":[{"start":{"line":37,"column":12},"end":{"line":37,"column":29}},{"start":{"line":37,"column":33},"end":{"line":37,"column":45}},{"start":{"line":37,"column":49},"end":{"line":37,"column":66}},{"start":{"line":37,"column":70},"end":{"line":37,"column":84}}],"line":37}},"s":{"0":0,"1":0,"2":0,"3":0,"4":0,"5":0,"6":0,"7":0,"8":0,"9":0,"10":0,"11":0,"12":0,"13":0,"14":0,"15":0,"16":0},"f":{"0":0,"1":0},"b":{"0":[0,0],"1":[0,0,0,0]}}
,"D:\\UCB\\Septimo-semestre\\Taller de Software 1\\Sistema-Psicologo\\blocks\\sidebar\\sidebar.js": {"path":"D:\\UCB\\Septimo-semestre\\Taller de Software 1\\Sistema-Psicologo\\blocks\\sidebar\\sidebar.js","statementMap":{"0":{"start":{"line":3,"column":8},"end":{"line":12,"column":80}},"1":{"start":{"line":4,"column":31},"end":{"line":4,"column":47}},"2":{"start":{"line":6,"column":16},"end":{"line":6,"column":38}},"3":{"start":{"line":8,"column":16},"end":{"line":10,"column":17}},"4":{"start":{"line":9,"column":20},"end":{"line":9,"column":62}},"5":{"start":{"line":12,"column":28},"end":{"line":12,"column":78}},"6":{"start":{"line":16,"column":0},"end":{"line":16,"column":49}}},"fnMap":{"0":{"name":"(anonymous_0)","decl":{"start":{"line":2,"column":4},"end":{"line":2,"column":5}},"loc":{"start":{"line":2,"column":24},"end":{"line":13,"column":5}},"line":2},"1":{"name":"(anonymous_1)","decl":{"start":{"line":4,"column":18},"end":{"line":4,"column":19}},"loc":{"start":{"line":4,"column":31},"end":{"line":4,"column":47}},"line":4},"2":{"name":"(anonymous_2)","decl":{"start":{"line":5,"column":18},"end":{"line":5,"column":19}},"loc":{"start":{"line":5,"column":26},"end":{"line":11,"column":13}},"line":5},"3":{"name":"(anonymous_3)","decl":{"start":{"line":12,"column":19},"end":{"line":12,"column":20}},"loc":{"start":{"line":12,"column":28},"end":{"line":12,"column":78}},"line":12}},"branchMap":{"0":{"loc":{"start":{"line":8,"column":16},"end":{"line":10,"column":17}},"type":"if","locations":[{"start":{"line":8,"column":16},"end":{"line":10,"column":17}},{"start":{},"end":{}}],"line":8}},"s":{"0":0,"1":0,"2":0,"3":0,"4":0,"5":0,"6":0},"f":{"0":0,"1":0,"2":0,"3":0},"b":{"0":[0,0]}}
}
